<?xml version="1.0" encoding="UTF-8"?>
<!-- Generated by org.testng.reporters.JUnitXMLReporter -->
<testsuite hostname="Manishs-MacBook-Pro-2.local" ignored="0" name="Default test" tests="8" failures="0" timestamp="10 May 2018 08:49:23 GMT" time="200.781" errors="0">
  <testcase name="FlightTest" time="4.79" classname="com.mobileum.zainsky.qa.testcases.FlyLOBTest"/>
  <testcase name="RoundTripFlightSearch" time="35.996" classname="com.mobileum.zainsky.qa.testcases.FlyLOBTest"/>
  <testcase name="RoundTripFilghtList" time="32.67" classname="com.mobileum.zainsky.qa.testcases.FlyLOBTest"/>
  <testcase name="RoundTripFlightDetails" time="2.004" classname="com.mobileum.zainsky.qa.testcases.FlyLOBTest"/>
  <testcase name="BookFlight" time="2.057" classname="com.mobileum.zainsky.qa.testcases.FlyLOBTest"/>
  <testcase name="NavigateBack" time="6.691" classname="com.mobileum.zainsky.qa.testcases.FlyLOBTest"/>
  <testcase name="FlightSort" time="6.716" classname="com.mobileum.zainsky.qa.testcases.FlyLOBTest"/>
  <testcase name="FlightFiler" time="1.276" classname="com.mobileum.zainsky.qa.testcases.FlyLOBTest"/>
</testsuite> <!-- Default test -->
